生成启动时间为 2015/8/2 22:31:38。
     1>项目“C:\Users\Admin\documents\visual studio 2010\Projects\cpp_learning\cpp_learning\cpp_learning.vcxproj”在节点 2 上(build 个目标)。
     1>InitializeBuildStatus:
         正在对“Debug\cpp_learning.unsuccessfulbuild”执行 Touch 任务。
       ClCompile:
         C:\Program Files (x86)\Microsoft Visual Studio 10.0\VC\bin\CL.exe /c /ZI /nologo /W3 /WX- /Od /Oy- /D WIN32 /D _DEBUG /D _CONSOLE /D _UNICODE /D UNICODE /Gm /EHsc /RTC1 /MDd /GS /fp:precise /Zc:wchar_t /Zc:forScope /Fo"Debug\\" /Fd"Debug\vc100.pdb" /Gd /TP /analyze- /errorReport:prompt destructor.cpp
         destructor.cpp
       Link:
         C:\Program Files (x86)\Microsoft Visual Studio 10.0\VC\bin\link.exe /ERRORREPORT:PROMPT /OUT:"C:\Users\Admin\documents\visual studio 2010\Projects\cpp_learning\Debug\cpp_learning.exe" /INCREMENTAL /NOLOGO kernel32.lib user32.lib gdi32.lib winspool.lib comdlg32.lib advapi32.lib shell32.lib ole32.lib oleaut32.lib uuid.lib odbc32.lib odbccp32.lib /MANIFEST /ManifestFile:"Debug\cpp_learning.exe.intermediate.manifest" /MANIFESTUAC:"level='asInvoker' uiAccess='false'" /DEBUG /PDB:"C:\Users\Admin\documents\visual studio 2010\Projects\cpp_learning\Debug\cpp_learning.pdb" /SUBSYSTEM:CONSOLE /TLBID:1 /DYNAMICBASE /NXCOMPAT /IMPLIB:"C:\Users\Admin\documents\visual studio 2010\Projects\cpp_learning\Debug\cpp_learning.lib" /MACHINE:X86 "Debug\copy-constructor.obj"
         "Debug\deep-construtor.obj"
         Debug\destructor.obj
         Debug\destructor1.obj
         Debug\enum.obj
         Debug\reference.obj
         Debug\upcasting.obj
         cpp_learning.vcxproj -> C:\Users\Admin\documents\visual studio 2010\Projects\cpp_learning\Debug\cpp_learning.exe
       Manifest:
         C:\Program Files (x86)\Microsoft SDKs\Windows\v7.0A\bin\mt.exe /nologo /verbose /out:"C:\Users\Admin\documents\visual studio 2010\Projects\cpp_learning\Debug\cpp_learning.exe.manifest" /manifest Debug\cpp_learning.exe.intermediate.manifest
       FinalizeBuildStatus:
         正在删除文件“Debug\cpp_learning.unsuccessfulbuild”。
         正在对“Debug\cpp_learning.lastbuildstate”执行 Touch 任务。
     1>已完成生成项目“C:\Users\Admin\documents\visual studio 2010\Projects\cpp_learning\cpp_learning\cpp_learning.vcxproj”(build 个目标)的操作。

生成成功。

已用时间 00:00:01.01
